Vivado Simulator v2025.2
Copyright 1986-2022 Xilinx, Inc. All Rights Reserved.
Copyright 2022-2025 Advanced Micro Devices, Inc. All Rights Reserved.
Running: C:/AMDDesignTools/2025.2/Vivado/bin/unwrapped/win64.o/xelab.exe --incr --debug typical --relax --mt 2 -L xil_defaultlib -L uvm -L unisims_ver -L unimacro_ver -L secureip --snapshot ws_array_tb_behav xil_defaultlib.ws_array_tb xil_defaultlib.glbl -log elaborate.log 
Using 2 slave threads.
Starting static elaboration
Pass Through NonSizing Optimizer
Completed static elaboration
Starting simulation data flow analysis
Completed simulation data flow analysis
Time Resolution for simulation is 1ps
Compiling module xil_defaultlib.pe
Compiling module xil_defaultlib.fifo
Compiling module xil_defaultlib.fifo(DEPTH=2)
Compiling module xil_defaultlib.fifo(DEPTH=3)
Compiling module xil_defaultlib.fifo(DEPTH=4)
Compiling module xil_defaultlib.fifo(DEPTH=5)
Compiling module xil_defaultlib.fifo(DEPTH=6)
Compiling module xil_defaultlib.fifo(DEPTH=7)
Compiling module xil_defaultlib.fifo(DEPTH=7,WIDTH=16)
Compiling module xil_defaultlib.fifo(DEPTH=6,WIDTH=16)
Compiling module xil_defaultlib.fifo(DEPTH=5,WIDTH=16)
Compiling module xil_defaultlib.fifo(DEPTH=4,WIDTH=16)
Compiling module xil_defaultlib.fifo(DEPTH=3,WIDTH=16)
Compiling module xil_defaultlib.fifo(DEPTH=2,WIDTH=16)
Compiling module xil_defaultlib.fifo(WIDTH=16)
Compiling module xil_defaultlib.ws_array_default
Compiling module xil_defaultlib.ws_array_tb
Compiling module xil_defaultlib.glbl
Built simulation snapshot ws_array_tb_behav
